<?xml version="1.0" encoding="UTF-8"?>
<!-- Generated by org.testng.reporters.JUnitXMLReporter -->
<testsuite ignored="3" hostname="MAD96322" failures="0" tests="6" name="MyTest" time="0.083" errors="0" timestamp="2022-08-15T18:53:12 PDT">
  <testcase classname="Day37.GroupingDemo" name="loginByEmail" time="0.009"/>
  <testcase classname="Day37.GroupingDemo" name="loginByfacebook" time="0.001"/>
  <testcase classname="Day37.GroupingDemo" name="loginBytwitter" time="0.001"/>
  <testcase classname="Day37.GroupingDemo" name="signupbyemail" time="0.001"/>
  <testcase classname="Day37.GroupingDemo" name="paymentindollar" time="0.001"/>
  <testcase classname="Day37.GroupingDemo" name="paymentinrupees" time="0.001"/>
  <testcase classname="Day37.GroupingDemo" name="signupbyfacebook" time="0.0">
    <ignored/>
  </testcase> <!-- signupbyfacebook -->
  <testcase classname="Day37.GroupingDemo" name="paymentReturnbyBank" time="0.0">
    <ignored/>
  </testcase> <!-- paymentReturnbyBank -->
  <testcase classname="Day37.GroupingDemo" name="signupbytwitter" time="0.0">
    <ignored/>
  </testcase> <!-- signupbytwitter -->
</testsuite> <!-- MyTest -->
