<?xml version="1.0" encoding="UTF-8"?>
<!-- Generated by org.testng.reporters.JUnitXMLReporter -->
<testsuite ignored="1" hostname="MAD96322" failures="1" tests="3" name="Test" time="12.895" errors="0" timestamp="2022-06-22T16:32:56 PDT">
  <testcase classname="ExtentReports.LoginTest" name="testLogo" time="0.086"/>
  <testcase classname="ExtentReports.LoginTest" name="testLogin" time="6.918">
    <failure type="java.lang.AssertionError" message="expected [false] but found [true]">
      <![CDATA[java.lang.AssertionError: expected [false] but found [true]
at ExtentReports.LoginTest.testLogin(LoginTest.java:58)
at java.base/java.util.ArrayList.forEach(ArrayList.java:1511)
... Removed 33 stack frames]]>
    </failure>
  </testcase> <!-- testLogin -->
  <testcase classname="ExtentReports.LoginTest" name="testLogout" time="0.0">
    <skipped/>
  </testcase> <!-- testLogout -->
  <testcase classname="ExtentReports.LoginTest" name="test1" time="0.0">
    <ignored/>
  </testcase> <!-- test1 -->
</testsuite> <!-- Test -->
