<?xml version="1.0" encoding="UTF-8"?>
<!-- Generated by org.testng.reporters.JUnitXMLReporter -->
<testsuite ignored="0" hostname="MAD96322" failures="0" tests="4" name="Test2" time="0.015" errors="0" timestamp="2022-06-21T22:01:31 PDT">
  <testcase classname="Day36.pack2.DBTest1" name="test_insert" time="0.001"/>
  <testcase classname="Day36.pack2.DBTest1" name="test_update" time="0.0"/>
  <testcase classname="Day36.pack2.DBTest2" name="test_select" time="0.001"/>
  <testcase classname="Day36.pack2.DBTest2" name="test_delete" time="0.001"/>
</testsuite> <!-- Test2 -->
